{"C:\\Users\\Gabriel\\Desktop\\appStarWars\\App.tsx": {"path":"C:\\Users\\Gabriel\\Desktop\\appStarWars\\App.tsx","statementMap":{"0":{"start":{"line":4,"column":2},"end":{"line":6,"column":4}}},"fnMap":{"0":{"name":"App","decl":{"start":{"line":3,"column":24},"end":{"line":3,"column":27}},"loc":{"start":{"line":3,"column":30},"end":{"line":7,"column":1}},"line":3}},"branchMap":{},"s":{"0":0},"f":{"0":0},"b":{}}
,"C:\\Users\\Gabriel\\Desktop\\appStarWars\\src\\pages\\Details.tsx": {"path":"C:\\Users\\Gabriel\\Desktop\\appStarWars\\src\\pages\\Details.tsx","statementMap":{"0":{"start":{"line":123,"column":33},"end":{"line":291,"column":1}},"1":{"start":{"line":124,"column":24},"end":{"line":124,"column":36}},"2":{"start":{"line":125,"column":32},"end":{"line":125,"column":56}},"3":{"start":{"line":126,"column":36},"end":{"line":126,"column":65}},"4":{"start":{"line":127,"column":28},"end":{"line":127,"column":48}},"5":{"start":{"line":128,"column":32},"end":{"line":128,"column":55}},"6":{"start":{"line":129,"column":34},"end":{"line":129,"column":57}},"7":{"start":{"line":130,"column":36},"end":{"line":130,"column":60}},"8":{"start":{"line":131,"column":38},"end":{"line":131,"column":62}},"9":{"start":{"line":133,"column":2},"end":{"line":136,"column":9}},"10":{"start":{"line":134,"column":4},"end":{"line":134,"column":15}},"11":{"start":{"line":135,"column":4},"end":{"line":135,"column":20}},"12":{"start":{"line":138,"column":19},"end":{"line":191,"column":3}},"13":{"start":{"line":139,"column":4},"end":{"line":139,"column":21}},"14":{"start":{"line":141,"column":4},"end":{"line":190,"column":5}},"15":{"start":{"line":142,"column":32},"end":{"line":142,"column":64}},"16":{"start":{"line":143,"column":36},"end":{"line":143,"column":66}},"17":{"start":{"line":144,"column":6},"end":{"line":144,"column":34}},"18":{"start":{"line":147,"column":28},"end":{"line":153,"column":7}},"19":{"start":{"line":149,"column":31},"end":{"line":149,"column":51}},"20":{"start":{"line":150,"column":33},"end":{"line":150,"column":58}},"21":{"start":{"line":151,"column":10},"end":{"line":151,"column":26}},"22":{"start":{"line":154,"column":6},"end":{"line":154,"column":22}},"23":{"start":{"line":157,"column":39},"end":{"line":163,"column":7}},"24":{"start":{"line":159,"column":27},"end":{"line":159,"column":44}},"25":{"start":{"line":160,"column":32},"end":{"line":160,"column":53}},"26":{"start":{"line":161,"column":10},"end":{"line":161,"column":22}},"27":{"start":{"line":164,"column":6},"end":{"line":164,"column":32}},"28":{"start":{"line":167,"column":40},"end":{"line":173,"column":7}},"29":{"start":{"line":169,"column":27},"end":{"line":169,"column":44}},"30":{"start":{"line":170,"column":32},"end":{"line":170,"column":53}},"31":{"start":{"line":171,"column":10},"end":{"line":171,"column":22}},"32":{"start":{"line":174,"column":6},"end":{"line":174,"column":34}},"33":{"start":{"line":177,"column":42},"end":{"line":183,"column":7}},"34":{"start":{"line":179,"column":27},"end":{"line":179,"column":44}},"35":{"start":{"line":180,"column":33},"end":{"line":180,"column":54}},"36":{"start":{"line":181,"column":10},"end":{"line":181,"column":22}},"37":{"start":{"line":184,"column":6},"end":{"line":184,"column":36}},"38":{"start":{"line":187,"column":6},"end":{"line":187,"column":42}},"39":{"start":{"line":189,"column":6},"end":{"line":189,"column":24}},"40":{"start":{"line":193,"column":24},"end":{"line":204,"column":3}},"41":{"start":{"line":194,"column":4},"end":{"line":203,"column":5}},"42":{"start":{"line":195,"column":24},"end":{"line":195,"column":72}},"43":{"start":{"line":196,"column":6},"end":{"line":200,"column":7}},"44":{"start":{"line":197,"column":48},"end":{"line":197,"column":69}},"45":{"start":{"line":198,"column":27},"end":{"line":198,"column":88}},"46":{"start":{"line":198,"column":61},"end":{"line":198,"column":87}},"47":{"start":{"line":199,"column":8},"end":{"line":199,"column":34}},"48":{"start":{"line":202,"column":6},"end":{"line":202,"column":55}},"49":{"start":{"line":206,"column":25},"end":{"line":224,"column":3}},"50":{"start":{"line":207,"column":4},"end":{"line":223,"column":5}},"51":{"start":{"line":208,"column":22},"end":{"line":208,"column":70}},"52":{"start":{"line":209,"column":44},"end":{"line":209,"column":82}},"53":{"start":{"line":211,"column":32},"end":{"line":211,"column":93}},"54":{"start":{"line":211,"column":66},"end":{"line":211,"column":92}},"55":{"start":{"line":213,"column":6},"end":{"line":217,"column":7}},"56":{"start":{"line":214,"column":8},"end":{"line":214,"column":93}},"57":{"start":{"line":214,"column":65},"end":{"line":214,"column":91}},"58":{"start":{"line":216,"column":8},"end":{"line":216,"column":43}},"59":{"start":{"line":219,"column":6},"end":{"line":219,"column":91}},"60":{"start":{"line":220,"column":6},"end":{"line":220,"column":33}},"61":{"start":{"line":222,"column":6},"end":{"line":222,"column":55}},"62":{"start":{"line":226,"column":2},"end":{"line":290,"column":4}},"63":{"start":{"line":259,"column":16},"end":{"line":259,"column":75}},"64":{"start":{"line":267,"column":16},"end":{"line":267,"column":76}},"65":{"start":{"line":275,"column":16},"end":{"line":275,"column":77}},"66":{"start":{"line":283,"column":16},"end":{"line":283,"column":78}},"67":{"start":{"line":293,"column":15},"end":{"line":337,"column":2}}},"fnMap":{"0":{"name":"(anonymous_0)","decl":{"start":{"line":123,"column":33},"end":{"line":123,"column":34}},"loc":{"start":{"line":123,"column":48},"end":{"line":291,"column":1}},"line":123},"1":{"name":"(anonymous_1)","decl":{"start":{"line":133,"column":12},"end":{"line":133,"column":13}},"loc":{"start":{"line":133,"column":18},"end":{"line":136,"column":3}},"line":133},"2":{"name":"(anonymous_2)","decl":{"start":{"line":138,"column":19},"end":{"line":138,"column":20}},"loc":{"start":{"line":138,"column":31},"end":{"line":191,"column":3}},"line":138},"3":{"name":"(anonymous_3)","decl":{"start":{"line":148,"column":28},"end":{"line":148,"column":29}},"loc":{"start":{"line":148,"column":47},"end":{"line":152,"column":9}},"line":148},"4":{"name":"(anonymous_4)","decl":{"start":{"line":158,"column":30},"end":{"line":158,"column":31}},"loc":{"start":{"line":158,"column":46},"end":{"line":162,"column":9}},"line":158},"5":{"name":"(anonymous_5)","decl":{"start":{"line":168,"column":31},"end":{"line":168,"column":32}},"loc":{"start":{"line":168,"column":47},"end":{"line":172,"column":9}},"line":168},"6":{"name":"(anonymous_6)","decl":{"start":{"line":178,"column":32},"end":{"line":178,"column":33}},"loc":{"start":{"line":178,"column":48},"end":{"line":182,"column":9}},"line":178},"7":{"name":"(anonymous_7)","decl":{"start":{"line":193,"column":24},"end":{"line":193,"column":25}},"loc":{"start":{"line":193,"column":36},"end":{"line":204,"column":3}},"line":193},"8":{"name":"(anonymous_8)","decl":{"start":{"line":198,"column":51},"end":{"line":198,"column":52}},"loc":{"start":{"line":198,"column":61},"end":{"line":198,"column":87}},"line":198},"9":{"name":"(anonymous_9)","decl":{"start":{"line":206,"column":25},"end":{"line":206,"column":26}},"loc":{"start":{"line":206,"column":37},"end":{"line":224,"column":3}},"line":206},"10":{"name":"(anonymous_10)","decl":{"start":{"line":211,"column":56},"end":{"line":211,"column":57}},"loc":{"start":{"line":211,"column":66},"end":{"line":211,"column":92}},"line":211},"11":{"name":"(anonymous_11)","decl":{"start":{"line":214,"column":55},"end":{"line":214,"column":56}},"loc":{"start":{"line":214,"column":65},"end":{"line":214,"column":91}},"line":214},"12":{"name":"(anonymous_12)","decl":{"start":{"line":258,"column":25},"end":{"line":258,"column":26}},"loc":{"start":{"line":259,"column":16},"end":{"line":259,"column":75}},"line":259},"13":{"name":"(anonymous_13)","decl":{"start":{"line":266,"column":27},"end":{"line":266,"column":28}},"loc":{"start":{"line":267,"column":16},"end":{"line":267,"column":76}},"line":267},"14":{"name":"(anonymous_14)","decl":{"start":{"line":274,"column":28},"end":{"line":274,"column":29}},"loc":{"start":{"line":275,"column":16},"end":{"line":275,"column":77}},"line":275},"15":{"name":"(anonymous_15)","decl":{"start":{"line":282,"column":29},"end":{"line":282,"column":30}},"loc":{"start":{"line":283,"column":16},"end":{"line":283,"column":78}},"line":283}},"branchMap":{"0":{"loc":{"start":{"line":196,"column":6},"end":{"line":200,"column":7}},"type":"if","locations":[{"start":{"line":196,"column":6},"end":{"line":200,"column":7}},{"start":{},"end":{}}],"line":196},"1":{"loc":{"start":{"line":209,"column":44},"end":{"line":209,"column":82}},"type":"cond-expr","locations":[{"start":{"line":209,"column":56},"end":{"line":209,"column":77}},{"start":{"line":209,"column":80},"end":{"line":209,"column":82}}],"line":209},"2":{"loc":{"start":{"line":213,"column":6},"end":{"line":217,"column":7}},"type":"if","locations":[{"start":{"line":213,"column":6},"end":{"line":217,"column":7}},{"start":{"line":215,"column":13},"end":{"line":217,"column":7}}],"line":213},"3":{"loc":{"start":{"line":228,"column":7},"end":{"line":288,"column":7}},"type":"cond-expr","locations":[{"start":{"line":229,"column":8},"end":{"line":231,"column":15}},{"start":{"line":233,"column":8},"end":{"line":287,"column":21}}],"line":228},"4":{"loc":{"start":{"line":238,"column":22},"end":{"line":238,"column":52}},"type":"cond-expr","locations":[{"start":{"line":238,"column":35},"end":{"line":238,"column":41}},{"start":{"line":238,"column":44},"end":{"line":238,"column":52}}],"line":238},"5":{"loc":{"start":{"line":253,"column":13},"end":{"line":253,"column":88}},"type":"binary-expr","locations":[{"start":{"line":253,"column":13},"end":{"line":253,"column":22}},{"start":{"line":253,"column":26},"end":{"line":253,"column":88}}],"line":253},"6":{"loc":{"start":{"line":255,"column":11},"end":{"line":262,"column":11}},"type":"binary-expr","locations":[{"start":{"line":255,"column":11},"end":{"line":255,"column":27}},{"start":{"line":256,"column":12},"end":{"line":261,"column":19}}],"line":255},"7":{"loc":{"start":{"line":263,"column":11},"end":{"line":270,"column":11}},"type":"binary-expr","locations":[{"start":{"line":263,"column":11},"end":{"line":263,"column":29}},{"start":{"line":264,"column":12},"end":{"line":269,"column":19}}],"line":263},"8":{"loc":{"start":{"line":271,"column":11},"end":{"line":278,"column":11}},"type":"binary-expr","locations":[{"start":{"line":271,"column":11},"end":{"line":271,"column":30}},{"start":{"line":272,"column":12},"end":{"line":277,"column":19}}],"line":271},"9":{"loc":{"start":{"line":279,"column":11},"end":{"line":286,"column":11}},"type":"binary-expr","locations":[{"start":{"line":279,"column":11},"end":{"line":279,"column":31}},{"start":{"line":280,"column":12},"end":{"line":285,"column":19}}],"line":279}},"s":{"0":2,"1":16,"2":16,"3":16,"4":16,"5":16,"6":16,"7":16,"8":16,"9":16,"10":2,"11":2,"12":16,"13":2,"14":2,"15":2,"16":2,"17":2,"18":2,"19":2,"20":2,"21":2,"22":2,"23":2,"24":2,"25":2,"26":2,"27":2,"28":2,"29":2,"30":2,"31":2,"32":2,"33":2,"34":2,"35":2,"36":2,"37":2,"38":0,"39":2,"40":16,"41":2,"42":2,"43":2,"44":0,"45":0,"46":0,"47":0,"48":0,"49":16,"50":0,"51":0,"52":0,"53":0,"54":0,"55":0,"56":0,"57":0,"58":0,"59":0,"60":0,"61":0,"62":16,"63":2,"64":2,"65":2,"66":2,"67":2},"f":{"0":16,"1":2,"2":2,"3":2,"4":2,"5":2,"6":2,"7":2,"8":0,"9":0,"10":0,"11":0,"12":2,"13":2,"14":2,"15":2},"b":{"0":[0,2],"1":[0,0],"2":[0,0],"3":[12,4],"4":[0,4],"5":[4,2],"6":[4,2],"7":[4,2],"8":[4,2],"9":[4,2]},"_coverageSchema":"1a1c01bbd47fc00a2c39e90264f33305004495a9","hash":"f922ee2320ca4c36efe6d309e07e98d707b0973f"}
,"C:\\Users\\Gabriel\\Desktop\\appStarWars\\src\\pages\\Favorite.tsx": {"path":"C:\\Users\\Gabriel\\Desktop\\appStarWars\\src\\pages\\Favorite.tsx","statementMap":{"0":{"start":{"line":9,"column":17},"end":{"line":75,"column":1}},"1":{"start":{"line":10,"column":21},"end":{"line":10,"column":36}},"2":{"start":{"line":11,"column":20},"end":{"line":11,"column":34}},"3":{"start":{"line":12,"column":36},"end":{"line":12,"column":55}},"4":{"start":{"line":15,"column":24},"end":{"line":25,"column":3}},"5":{"start":{"line":16,"column":4},"end":{"line":24,"column":5}},"6":{"start":{"line":17,"column":28},"end":{"line":17,"column":76}},"7":{"start":{"line":18,"column":6},"end":{"line":21,"column":7}},"8":{"start":{"line":19,"column":32},"end":{"line":19,"column":57}},"9":{"start":{"line":20,"column":8},"end":{"line":20,"column":38}},"10":{"start":{"line":23,"column":6},"end":{"line":23,"column":56}},"11":{"start":{"line":28,"column":2},"end":{"line":30,"column":18}},"12":{"start":{"line":29,"column":4},"end":{"line":29,"column":20}},"13":{"start":{"line":33,"column":25},"end":{"line":46,"column":3}},"14":{"start":{"line":34,"column":4},"end":{"line":45,"column":5}},"15":{"start":{"line":35,"column":28},"end":{"line":35,"column":76}},"16":{"start":{"line":36,"column":6},"end":{"line":36,"column":33}},"17":{"start":{"line":36,"column":26},"end":{"line":36,"column":33}},"18":{"start":{"line":37,"column":33},"end":{"line":37,"column":58}},"19":{"start":{"line":39,"column":31},"end":{"line":39,"column":99}},"20":{"start":{"line":39,"column":72},"end":{"line":39,"column":98}},"21":{"start":{"line":40,"column":6},"end":{"line":40,"column":89}},"22":{"start":{"line":42,"column":6},"end":{"line":42,"column":37}},"23":{"start":{"line":44,"column":6},"end":{"line":44,"column":55}},"24":{"start":{"line":49,"column":21},"end":{"line":58,"column":3}},"25":{"start":{"line":50,"column":4},"end":{"line":57,"column":23}},"26":{"start":{"line":54,"column":39},"end":{"line":54,"column":59}},"27":{"start":{"line":60,"column":2},"end":{"line":74,"column":4}},"28":{"start":{"line":69,"column":41},"end":{"line":69,"column":57}},"29":{"start":{"line":77,"column":15},"end":{"line":108,"column":2}}},"fnMap":{"0":{"name":"(anonymous_0)","decl":{"start":{"line":9,"column":17},"end":{"line":9,"column":18}},"loc":{"start":{"line":9,"column":23},"end":{"line":75,"column":1}},"line":9},"1":{"name":"(anonymous_1)","decl":{"start":{"line":15,"column":24},"end":{"line":15,"column":25}},"loc":{"start":{"line":15,"column":36},"end":{"line":25,"column":3}},"line":15},"2":{"name":"(anonymous_2)","decl":{"start":{"line":28,"column":12},"end":{"line":28,"column":13}},"loc":{"start":{"line":28,"column":18},"end":{"line":30,"column":3}},"line":28},"3":{"name":"(anonymous_3)","decl":{"start":{"line":33,"column":25},"end":{"line":33,"column":26}},"loc":{"start":{"line":33,"column":51},"end":{"line":46,"column":3}},"line":33},"4":{"name":"(anonymous_4)","decl":{"start":{"line":39,"column":57},"end":{"line":39,"column":58}},"loc":{"start":{"line":39,"column":72},"end":{"line":39,"column":98}},"line":39},"5":{"name":"(anonymous_5)","decl":{"start":{"line":49,"column":21},"end":{"line":49,"column":22}},"loc":{"start":{"line":50,"column":4},"end":{"line":57,"column":23}},"line":50},"6":{"name":"(anonymous_6)","decl":{"start":{"line":54,"column":33},"end":{"line":54,"column":34}},"loc":{"start":{"line":54,"column":39},"end":{"line":54,"column":59}},"line":54},"7":{"name":"(anonymous_7)","decl":{"start":{"line":69,"column":24},"end":{"line":69,"column":25}},"loc":{"start":{"line":69,"column":41},"end":{"line":69,"column":57}},"line":69}},"branchMap":{"0":{"loc":{"start":{"line":18,"column":6},"end":{"line":21,"column":7}},"type":"if","locations":[{"start":{"line":18,"column":6},"end":{"line":21,"column":7}},{"start":{},"end":{}}],"line":18},"1":{"loc":{"start":{"line":36,"column":6},"end":{"line":36,"column":33}},"type":"if","locations":[{"start":{"line":36,"column":6},"end":{"line":36,"column":33}},{"start":{},"end":{}}],"line":36},"2":{"loc":{"start":{"line":62,"column":7},"end":{"line":72,"column":7}},"type":"cond-expr","locations":[{"start":{"line":63,"column":8},"end":{"line":65,"column":15}},{"start":{"line":67,"column":8},"end":{"line":71,"column":10}}],"line":62}},"s":{"0":2,"1":2,"2":2,"3":2,"4":2,"5":2,"6":2,"7":1,"8":0,"9":0,"10":1,"11":2,"12":2,"13":2,"14":0,"15":0,"16":0,"17":0,"18":0,"19":0,"20":0,"21":0,"22":0,"23":0,"24":2,"25":0,"26":0,"27":2,"28":0,"29":2},"f":{"0":2,"1":2,"2":2,"3":0,"4":0,"5":0,"6":0,"7":0},"b":{"0":[0,1],"1":[0,0],"2":[2,0]},"_coverageSchema":"1a1c01bbd47fc00a2c39e90264f33305004495a9","hash":"058ebaced917d77a23d99791dc377a1559c57439"}
,"C:\\Users\\Gabriel\\Desktop\\appStarWars\\src\\pages\\Home.tsx": {"path":"C:\\Users\\Gabriel\\Desktop\\appStarWars\\src\\pages\\Home.tsx","statementMap":{"0":{"start":{"line":6,"column":46},"end":{"line":79,"column":1}},"1":{"start":{"line":7,"column":26},"end":{"line":7,"column":51}},"2":{"start":{"line":8,"column":26},"end":{"line":8,"column":45}},"3":{"start":{"line":9,"column":32},"end":{"line":9,"column":56}},"4":{"start":{"line":10,"column":28},"end":{"line":10,"column":57}},"5":{"start":{"line":12,"column":2},"end":{"line":14,"column":9}},"6":{"start":{"line":13,"column":4},"end":{"line":13,"column":15}},"7":{"start":{"line":17,"column":19},"end":{"line":40,"column":3}},"8":{"start":{"line":18,"column":4},"end":{"line":20,"column":5}},"9":{"start":{"line":19,"column":6},"end":{"line":19,"column":13}},"10":{"start":{"line":22,"column":4},"end":{"line":22,"column":21}},"11":{"start":{"line":24,"column":4},"end":{"line":39,"column":5}},"12":{"start":{"line":26,"column":23},"end":{"line":26,"column":80}},"13":{"start":{"line":28,"column":19},"end":{"line":28,"column":40}},"14":{"start":{"line":30,"column":6},"end":{"line":30,"column":42}},"15":{"start":{"line":32,"column":6},"end":{"line":32,"column":24}},"16":{"start":{"line":34,"column":6},"end":{"line":34,"column":51}},"17":{"start":{"line":35,"column":6},"end":{"line":35,"column":38}},"18":{"start":{"line":38,"column":6},"end":{"line":38,"column":24}},"19":{"start":{"line":43,"column":21},"end":{"line":51,"column":3}},"20":{"start":{"line":44,"column":4},"end":{"line":50,"column":23}},"21":{"start":{"line":46,"column":21},"end":{"line":46,"column":72}},"22":{"start":{"line":54,"column":23},"end":{"line":60,"column":3}},"23":{"start":{"line":55,"column":4},"end":{"line":59,"column":13}},"24":{"start":{"line":62,"column":2},"end":{"line":78,"column":4}},"25":{"start":{"line":70,"column":41},"end":{"line":70,"column":57}},"26":{"start":{"line":81,"column":15},"end":{"line":108,"column":2}}},"fnMap":{"0":{"name":"(anonymous_0)","decl":{"start":{"line":6,"column":46},"end":{"line":6,"column":47}},"loc":{"start":{"line":6,"column":66},"end":{"line":79,"column":1}},"line":6},"1":{"name":"(anonymous_1)","decl":{"start":{"line":12,"column":12},"end":{"line":12,"column":13}},"loc":{"start":{"line":12,"column":18},"end":{"line":14,"column":3}},"line":12},"2":{"name":"(anonymous_2)","decl":{"start":{"line":17,"column":19},"end":{"line":17,"column":20}},"loc":{"start":{"line":17,"column":31},"end":{"line":40,"column":3}},"line":17},"3":{"name":"(anonymous_3)","decl":{"start":{"line":43,"column":21},"end":{"line":43,"column":22}},"loc":{"start":{"line":44,"column":4},"end":{"line":50,"column":23}},"line":44},"4":{"name":"(anonymous_4)","decl":{"start":{"line":46,"column":15},"end":{"line":46,"column":16}},"loc":{"start":{"line":46,"column":21},"end":{"line":46,"column":72}},"line":46},"5":{"name":"(anonymous_5)","decl":{"start":{"line":54,"column":23},"end":{"line":54,"column":24}},"loc":{"start":{"line":54,"column":29},"end":{"line":60,"column":3}},"line":54},"6":{"name":"(anonymous_6)","decl":{"start":{"line":70,"column":24},"end":{"line":70,"column":25}},"loc":{"start":{"line":70,"column":41},"end":{"line":70,"column":57}},"line":70}},"branchMap":{"0":{"loc":{"start":{"line":18,"column":4},"end":{"line":20,"column":5}},"type":"if","locations":[{"start":{"line":18,"column":4},"end":{"line":20,"column":5}},{"start":{},"end":{}}],"line":18},"1":{"loc":{"start":{"line":55,"column":11},"end":{"line":59,"column":12}},"type":"cond-expr","locations":[{"start":{"line":56,"column":6},"end":{"line":58,"column":13}},{"start":{"line":59,"column":8},"end":{"line":59,"column":12}}],"line":55},"2":{"loc":{"start":{"line":64,"column":7},"end":{"line":76,"column":7}},"type":"cond-expr","locations":[{"start":{"line":65,"column":8},"end":{"line":65,"column":49}},{"start":{"line":67,"column":8},"end":{"line":75,"column":10}}],"line":64}},"s":{"0":2,"1":14,"2":14,"3":14,"4":14,"5":14,"6":5,"7":14,"8":5,"9":0,"10":5,"11":5,"12":5,"13":0,"14":0,"15":0,"16":2,"17":2,"18":2,"19":14,"20":0,"21":0,"22":14,"23":10,"24":14,"25":0,"26":2},"f":{"0":14,"1":5,"2":5,"3":0,"4":0,"5":10,"6":0},"b":{"0":[0,5],"1":[5,5],"2":[4,10]},"_coverageSchema":"1a1c01bbd47fc00a2c39e90264f33305004495a9","hash":"43fdf53aa9b4ce8d45418c75d4b564d60ff1d958"}
,"C:\\Users\\Gabriel\\Desktop\\appStarWars\\src\\pages\\types.ts": {"path":"C:\\Users\\Gabriel\\Desktop\\appStarWars\\src\\pages\\types.ts","statementMap":{},"fnMap":{},"branchMap":{},"s":{},"f":{},"b":{}}
,"C:\\Users\\Gabriel\\Desktop\\appStarWars\\src\\routes\\index.tsx": {"path":"C:\\Users\\Gabriel\\Desktop\\appStarWars\\src\\routes\\index.tsx","statementMap":{"0":{"start":{"line":11,"column":14},"end":{"line":11,"column":42}},"1":{"start":{"line":12,"column":12},"end":{"line":12,"column":38}},"2":{"start":{"line":16,"column":4},"end":{"line":39,"column":6}},"3":{"start":{"line":44,"column":4},"end":{"line":62,"column":6}},"4":{"start":{"line":66,"column":4},"end":{"line":98,"column":6}},"5":{"start":{"line":83,"column":61},"end":{"line":83,"column":110}},"6":{"start":{"line":91,"column":61},"end":{"line":91,"column":110}}},"fnMap":{"0":{"name":"HomeStack","decl":{"start":{"line":15,"column":9},"end":{"line":15,"column":18}},"loc":{"start":{"line":15,"column":21},"end":{"line":40,"column":1}},"line":15},"1":{"name":"FavoriteStack","decl":{"start":{"line":43,"column":9},"end":{"line":43,"column":22}},"loc":{"start":{"line":43,"column":25},"end":{"line":63,"column":1}},"line":43},"2":{"name":"Routes","decl":{"start":{"line":65,"column":24},"end":{"line":65,"column":30}},"loc":{"start":{"line":65,"column":33},"end":{"line":99,"column":1}},"line":65},"3":{"name":"(anonymous_3)","decl":{"start":{"line":83,"column":40},"end":{"line":83,"column":41}},"loc":{"start":{"line":83,"column":61},"end":{"line":83,"column":110}},"line":83},"4":{"name":"(anonymous_4)","decl":{"start":{"line":91,"column":40},"end":{"line":91,"column":41}},"loc":{"start":{"line":91,"column":61},"end":{"line":91,"column":110}},"line":91}},"branchMap":{},"s":{"0":1,"1":1,"2":2,"3":1,"4":3,"5":6,"6":6},"f":{"0":2,"1":1,"2":3,"3":6,"4":6},"b":{},"_coverageSchema":"1a1c01bbd47fc00a2c39e90264f33305004495a9","hash":"849b01483811973673bd3f38aae99dae2ea56d1a"}
}
