TN:
SF:App.tsx
FN:3,App
FNF:1
FNH:0
FNDA:0,App
DA:4,0
LF:1
LH:0
BRF:0
BRH:0
end_of_record
TN:
SF:src\pages\Details.tsx
FN:123,(anonymous_0)
FN:133,(anonymous_1)
FN:138,(anonymous_2)
FN:148,(anonymous_3)
FN:158,(anonymous_4)
FN:168,(anonymous_5)
FN:178,(anonymous_6)
FN:193,(anonymous_7)
FN:198,(anonymous_8)
FN:206,(anonymous_9)
FN:211,(anonymous_10)
FN:214,(anonymous_11)
FN:258,(anonymous_12)
FN:266,(anonymous_13)
FN:274,(anonymous_14)
FN:282,(anonymous_15)
FNF:16
FNH:12
FNDA:16,(anonymous_0)
FNDA:2,(anonymous_1)
FNDA:2,(anonymous_2)
FNDA:2,(anonymous_3)
FNDA:2,(anonymous_4)
FNDA:2,(anonymous_5)
FNDA:2,(anonymous_6)
FNDA:2,(anonymous_7)
FNDA:0,(anonymous_8)
FNDA:0,(anonymous_9)
FNDA:0,(anonymous_10)
FNDA:0,(anonymous_11)
FNDA:2,(anonymous_12)
FNDA:2,(anonymous_13)
FNDA:2,(anonymous_14)
FNDA:2,(anonymous_15)
DA:123,2
DA:124,16
DA:125,16
DA:126,16
DA:127,16
DA:128,16
DA:129,16
DA:130,16
DA:131,16
DA:133,16
DA:134,2
DA:135,2
DA:138,16
DA:139,2
DA:141,2
DA:142,2
DA:143,2
DA:144,2
DA:147,2
DA:149,2
DA:150,2
DA:151,2
DA:154,2
DA:157,2
DA:159,2
DA:160,2
DA:161,2
DA:164,2
DA:167,2
DA:169,2
DA:170,2
DA:171,2
DA:174,2
DA:177,2
DA:179,2
DA:180,2
DA:181,2
DA:184,2
DA:187,0
DA:189,2
DA:193,16
DA:194,2
DA:195,2
DA:196,2
DA:197,0
DA:198,0
DA:199,0
DA:202,0
DA:206,16
DA:207,0
DA:208,0
DA:209,0
DA:211,0
DA:213,0
DA:214,0
DA:216,0
DA:219,0
DA:220,0
DA:222,0
DA:226,16
DA:259,2
DA:267,2
DA:275,2
DA:283,2
DA:293,2
LF:65
LH:50
BRDA:196,0,0,0
BRDA:196,0,1,2
BRDA:209,1,0,0
BRDA:209,1,1,0
BRDA:213,2,0,0
BRDA:213,2,1,0
BRDA:228,3,0,12
BRDA:228,3,1,4
BRDA:238,4,0,0
BRDA:238,4,1,4
BRDA:253,5,0,4
BRDA:253,5,1,2
BRDA:255,6,0,4
BRDA:255,6,1,2
BRDA:263,7,0,4
BRDA:263,7,1,2
BRDA:271,8,0,4
BRDA:271,8,1,2
BRDA:279,9,0,4
BRDA:279,9,1,2
BRF:20
BRH:14
end_of_record
TN:
SF:src\pages\Favorite.tsx
FN:9,(anonymous_0)
FN:15,(anonymous_1)
FN:28,(anonymous_2)
FN:33,(anonymous_3)
FN:39,(anonymous_4)
FN:49,(anonymous_5)
FN:54,(anonymous_6)
FN:69,(anonymous_7)
FNF:8
FNH:3
FNDA:2,(anonymous_0)
FNDA:2,(anonymous_1)
FNDA:2,(anonymous_2)
FNDA:0,(anonymous_3)
FNDA:0,(anonymous_4)
FNDA:0,(anonymous_5)
FNDA:0,(anonymous_6)
FNDA:0,(anonymous_7)
DA:9,2
DA:10,2
DA:11,2
DA:12,2
DA:15,2
DA:16,2
DA:17,2
DA:18,1
DA:19,0
DA:20,0
DA:23,1
DA:28,2
DA:29,2
DA:33,2
DA:34,0
DA:35,0
DA:36,0
DA:37,0
DA:39,0
DA:40,0
DA:42,0
DA:44,0
DA:49,2
DA:50,0
DA:54,0
DA:60,2
DA:69,0
DA:77,2
LF:28
LH:15
BRDA:18,0,0,0
BRDA:18,0,1,1
BRDA:36,1,0,0
BRDA:36,1,1,0
BRDA:62,2,0,2
BRDA:62,2,1,0
BRF:6
BRH:2
end_of_record
TN:
SF:src\pages\Home.tsx
FN:6,(anonymous_0)
FN:12,(anonymous_1)
FN:17,(anonymous_2)
FN:43,(anonymous_3)
FN:46,(anonymous_4)
FN:54,(anonymous_5)
FN:70,(anonymous_6)
FNF:7
FNH:4
FNDA:14,(anonymous_0)
FNDA:5,(anonymous_1)
FNDA:5,(anonymous_2)
FNDA:0,(anonymous_3)
FNDA:0,(anonymous_4)
FNDA:10,(anonymous_5)
FNDA:0,(anonymous_6)
DA:6,2
DA:7,14
DA:8,14
DA:9,14
DA:10,14
DA:12,14
DA:13,5
DA:17,14
DA:18,5
DA:19,0
DA:22,5
DA:24,5
DA:26,5
DA:28,0
DA:30,0
DA:32,0
DA:34,2
DA:35,2
DA:38,2
DA:43,14
DA:44,0
DA:46,0
DA:54,14
DA:55,10
DA:62,14
DA:70,0
DA:81,2
LF:27
LH:20
BRDA:18,0,0,0
BRDA:18,0,1,5
BRDA:55,1,0,5
BRDA:55,1,1,5
BRDA:64,2,0,4
BRDA:64,2,1,10
BRF:6
BRH:5
end_of_record
TN:
SF:src\pages\types.ts
FNF:0
FNH:0
LF:0
LH:0
BRF:0
BRH:0
end_of_record
TN:
SF:src\routes\index.tsx
FN:15,HomeStack
FN:43,FavoriteStack
FN:65,Routes
FN:83,(anonymous_3)
FN:91,(anonymous_4)
FNF:5
FNH:5
FNDA:2,HomeStack
FNDA:1,FavoriteStack
FNDA:3,Routes
FNDA:6,(anonymous_3)
FNDA:6,(anonymous_4)
DA:11,1
DA:12,1
DA:16,2
DA:44,1
DA:66,3
DA:83,6
DA:91,6
LF:7
LH:7
BRF:0
BRH:0
end_of_record
